<?xml version="1.0" encoding="UTF-8" ?>
<testsuite errors="0" failures="0" hostname="Voila" name="test.core.LSBAlgorithmTest" skipped="0" tests="7" time="0.009" timestamp="2013-12-13T12:56:13">
  <properties>
    <property name="java.vendor" value="Oracle Corporation" />
    <property name="sun.java.launcher" value="SUN_STANDARD" />
    <property name="sun.management.compiler" value="HotSpot 64-Bit Tiered Compilers" />
    <property name="test.data.dir" value="D:\Projects\workspace\Steganography\test\data" />
    <property name="src.bin" value="D:\Projects\workspace\Steganography\bin" />
    <property name="os.name" value="Windows 7" />
    <property name="sun.boot.class.path" value="C:\Program Files\Java\jdk1.7.0_10\jre\lib\resources.jar;C:\Program Files\Java\jdk1.7.0_10\jre\lib\rt.jar;C:\Program Files\Java\jdk1.7.0_10\jre\lib\sunrsasign.jar;C:\Program Files\Java\jdk1.7.0_10\jre\lib\jsse.jar;C:\Program Files\Java\jdk1.7.0_10\jre\lib\jce.jar;C:\Program Files\Java\jdk1.7.0_10\jre\lib\charsets.jar;C:\Program Files\Java\jdk1.7.0_10\jre\lib\jfr.jar;C:\Program Files\Java\jdk1.7.0_10\jre\classes" />
    <property name="user.country.format" value="CA" />
    <property name="sun.desktop" value="windows" />
    <property name="java.vm.specification.vendor" value="Oracle Corporation" />
    <property name="ant.home" value="C:\apache-ant-1.9.2\bin\.." />
    <property name="java.runtime.version" value="1.7.0_10-b18" />
    <property name="user.name" value="Jaisse" />
    <property name="user.language.format" value="en" />
    <property name="build.dir" value="./" />
    <property name="user.language" value="pt" />
    <property name="sun.boot.library.path" value="C:\Program Files\Java\jdk1.7.0_10\jre\bin" />
    <property name="junit.class.name7" value="test.core.CacheMessageTest" />
    <property name="ant.project.default-target" value="all" />
    <property name="junit.class.name6" value="test.core.utils.UtilsTest" />
    <property name="test.htmlreports.dir" value="D:\Projects\workspace\Steganography\test\htmlreports" />
    <property name="junit.class.name5" value="test.core.utils.ConverterTest" />
    <property name="ant.project.name" value="projx" />
    <property name="junit.class.name4" value="test.core.RawLSBAlgorithmTest" />
    <property name="java.version" value="1.7.0_10" />
    <property name="junit.class.name3" value="test.core.LSBAlgorithmTest" />
    <property name="user.timezone" value="" />
    <property name="junit.class.name2" value="test.core.ChiSquareTest" />
    <property name="junit.class.name1" value="test.core.ByteInfoTest" />
    <property name="sun.arch.data.model" value="64" />
    <property name="java.endorsed.dirs" value="C:\Program Files\Java\jdk1.7.0_10\jre\lib\endorsed" />
    <property name="sun.cpu.isalist" value="amd64" />
    <property name="sun.jnu.encoding" value="Cp1252" />
    <property name="file.encoding.pkg" value="sun.io" />
    <property name="file.separator" value="\" />
    <property name="java.specification.name" value="Java Platform API Specification" />
    <property name="java.class.version" value="51.0" />
    <property name="user.country" value="BR" />
    <property name="java.home" value="C:\Program Files\Java\jdk1.7.0_10\jre" />
    <property name="java.vm.info" value="mixed mode" />
    <property name="ant.file" value="D:\Projects\workspace\Steganography\build.xml" />
    <property name="os.version" value="6.1" />
    <property name="path.separator" value=";" />
    <property name="java.vm.version" value="23.6-b04" />
    <property name="user.variant" value="" />
    <property name="ant.library.dir" value="C:\apache-ant-1.9.2\lib" />
    <property name="java.awt.printerjob" value="sun.awt.windows.WPrinterJob" />
    <property name="sun.io.unicode.encoding" value="UnicodeLittle" />
    <property name="awt.toolkit" value="sun.awt.windows.WToolkit" />
    <property name="ant.file.type.projx" value="file" />
    <property name="user.script" value="" />
    <property name="user.home" value="C:\Users\Jaisse" />
    <property name="ant.file.projx" value="D:\Projects\workspace\Steganography\build.xml" />
    <property name="java.specification.vendor" value="Oracle Corporation" />
    <property name="test.dir" value="D:\Projects\workspace\Steganography\bin" />
    <property name="java.library.path" value="C:\Program Files\Java\jdk1.7.0_10\bin;C:\Windows\Sun\Java\bin;C:\Windows\system32;C:\Windows;C:\Program Files (x86)\Caminova\Document Express DjVu Plug-in\;C:\Program Files (x86)\Haskell\bin;C:\Program Files (x86)\Haskell Platform\2012.4.0.0\lib\extralibs\bin;C:\Program Files (x86)\Haskell Platform\2012.4.0.0\bin;C:\Program Files (x86)\Intel\iCLS Client\;C:\Program Files\Intel\iCLS Client\;C:\Program Files\Common Files\Microsoft Shared\Windows Live;C:\Program Files (x86)\Common Files\Microsoft Shared\Windows Live;C:\Windows\system32;C:\Windows;C:\Windows\System32\Wbem;C:\Windows\System32\WindowsPowerShell\v1.0\;C:\Program Files (x86)\Windows Live\Shared;C:\Program Files (x86)\EgisTec MyWinLocker\x64;C:\Program Files (x86)\EgisTec MyWinLocker\;C:\Program Files (x86)\Intel\OpenCL SDK\2.0\bin\x86;C:\Program Files (x86)\Intel\OpenCL SDK\2.0\bin\x64;C:\Program Files\Intel\Intel(R) Management Engine Components\DAL;C:\Program Files\Intel\Intel(R) Management Engine Components\IPT;C:\Program Files (x86)\Intel\Intel(R) Management Engine Components\DAL;C:\Program Files (x86)\Intel\Intel(R) Management Engine Components\IPT;C:\Program Files (x86)\Microsoft SQL Server\100\Tools\Binn\;C:\Program Files\Microsoft SQL Server\100\Tools\Binn\;C:\Program Files\Microsoft SQL Server\100\DTS\Binn\;C:\Program Files (x86)\Microsoft SQL Server\80\Tools\Binn\;C:\Program Files (x86)\Microsoft SQL Server\90\DTS\Binn\;C:\Program Files (x86)\Microsoft SQL Server\90\Tools\binn\;C:\Program Files (x86)\Microsoft SQL Server\90\Tools\Binn\VSShell\Common7\IDE\;C:\Program Files (x86)\Microsoft Visual Studio 8\Common7\IDE\PrivateAssemblies\;C:\Program Files (x86)\Haskell Platform\2012.4.0.0\mingw\bin;C:\Program Files\MiKTeX 2.9\miktex\bin\x64\;C:\phantomjs-1.8.1-windows;C:\play-2.1;C:\Program Files\Java\jdk1.7.0_10\bin;C:\Program Files (x86)\Microsoft ASP.NET\ASP.NET Web Pages\v1.0\;C:\Program Files\Microsoft SQL Server\110\Tools\Binn\;C:\Program Files\TortoiseHg\;C:\Program Files\OpenVPN\bin;C:\Program Files (x86)\Microsoft SQL Server\110\Tools\Binn\;C:\Program Files\Microsoft SQL Server\110\DTS\Binn\;C:\Program Files (x86)\Microsoft SQL Server\110\Tools\Binn\ManagementStudio\;C:\Program Files (x86)\Microsoft Visual Studio 10.0\Common7\IDE\PrivateAssemblies\;C:\Program Files (x86)\Microsoft SQL Server\110\DTS\Binn\;C:\Program Files\Microsoft\Web Platform Installer\;C:\Program Files (x86)\Common Files\Acronis\SnapAPI\;C:\Program Files\TortoiseSVN\bin;C:\Program Files (x86)\Microsoft SQL Server\100\Tools\Binn\VSShell\Common7\IDE\;C:\Program Files (x86)\Microsoft SQL Server\100\DTS\Binn\;C:\Program Files (x86)\Microsoft Visual Studio 9.0\Common7\IDE\PrivateAssemblies\;c:\jruby-1.6.8\bin;C:\Users\Jaisse\AppData\Roaming\cabal\bin;C:\Program Files (x86)\IDM Computer Solutions\UltraEdit\;C:\Program Files (x86)\IDM Computer Solutions\UltraCompare\;C:\Program Files (x86)\Apache Software Foundation\apache-any23-core-0.7.0-incubating\bin;C:\apache-ant-1.9.2\bin;." />
    <property name="java.vendor.url" value="http://java.oracle.com/" />
    <property name="java.vm.vendor" value="Oracle Corporation" />
    <property name="java.runtime.name" value="Java(TM) SE Runtime Environment" />
    <property name="sun.java.command" value="org.apache.tools.ant.launch.Launcher test" />
    <property name="java.class.path" value="C:\apache-ant-1.9.2\bin\..\lib\ant-launcher.jar;C:\apache-ant-1.9.2\lib\ant-antlr.jar;C:\apache-ant-1.9.2\lib\ant-apache-bcel.jar;C:\apache-ant-1.9.2\lib\ant-apache-bsf.jar;C:\apache-ant-1.9.2\lib\ant-apache-log4j.jar;C:\apache-ant-1.9.2\lib\ant-apache-oro.jar;C:\apache-ant-1.9.2\lib\ant-apache-regexp.jar;C:\apache-ant-1.9.2\lib\ant-apache-resolver.jar;C:\apache-ant-1.9.2\lib\ant-apache-xalan2.jar;C:\apache-ant-1.9.2\lib\ant-commons-logging.jar;C:\apache-ant-1.9.2\lib\ant-commons-net.jar;C:\apache-ant-1.9.2\lib\ant-jai.jar;C:\apache-ant-1.9.2\lib\ant-javamail.jar;C:\apache-ant-1.9.2\lib\ant-jdepend.jar;C:\apache-ant-1.9.2\lib\ant-jmf.jar;C:\apache-ant-1.9.2\lib\ant-jsch.jar;C:\apache-ant-1.9.2\lib\ant-junit.jar;C:\apache-ant-1.9.2\lib\ant-junit4.jar;C:\apache-ant-1.9.2\lib\ant-launcher.jar;C:\apache-ant-1.9.2\lib\ant-netrexx.jar;C:\apache-ant-1.9.2\lib\ant-swing.jar;C:\apache-ant-1.9.2\lib\ant-testutil.jar;C:\apache-ant-1.9.2\lib\ant.jar;C:\Program Files\Java\jdk1.7.0_10\lib\tools.jar" />
    <property name="ant.version" value="Apache Ant(TM) version 1.9.2 compiled on July 8 2013" />
    <property name="test.bin" value="D:\Projects\workspace\Steganography\bin" />
    <property name="java.vm.specification.name" value="Java Virtual Machine Specification" />
    <property name="ant.file.type" value="file" />
    <property name="java.vm.specification.version" value="1.7" />
    <property name="sun.cpu.endian" value="little" />
    <property name="sun.os.patch.level" value="Service Pack 1" />
    <property name="java.io.tmpdir" value="C:\Users\Jaisse\AppData\Local\Temp\" />
    <property name="java.vendor.url.bug" value="http://bugreport.sun.com/bugreport/" />
    <property name="java.awt.graphicsenv" value="sun.awt.Win32GraphicsEnvironment" />
    <property name="os.arch" value="amd64" />
    <property name="java.ext.dirs" value="C:\Program Files\Java\jdk1.7.0_10\jre\lib\ext;C:\Windows\Sun\Java\lib\ext" />
    <property name="user.dir" value="D:\Projects\workspace\Steganography" />
    <property name="line.separator" value="&#xd;&#xa;" />
    <property name="java.vm.name" value="Java HotSpot(TM) 64-Bit Server VM" />
    <property name="basedir" value="D:\Projects\workspace\Steganography" />
    <property name="ant.java.version" value="1.7" />
    <property name="ant.core.lib" value="C:\apache-ant-1.9.2\lib\ant.jar" />
    <property name="file.encoding" value="Cp1252" />
    <property name="java.specification.version" value="1.7" />
    <property name="src.dir" value="D:\Projects\workspace\Steganography\src" />
    <property name="ant.project.invoked-targets" value="test" />
  </properties>
  <testcase classname="test.core.LSBAlgorithmTest" name="testStegoObjectRate" time="0.0" />
  <testcase classname="test.core.LSBAlgorithmTest" name="testhasHiddenMessage" time="0.001" />
  <testcase classname="test.core.LSBAlgorithmTest" name="testGetStegoObject" time="0.001" />
  <testcase classname="test.core.LSBAlgorithmTest" name="testGetEmbeddedData" time="0.0" />
  <testcase classname="test.core.LSBAlgorithmTest" name="testhasNotHiddenMessageLengthTooBig" time="0.0" />
  <testcase classname="test.core.LSBAlgorithmTest" name="testhasNotHiddenMessageLengthTooSmall" time="0.0" />
  <testcase classname="test.core.LSBAlgorithmTest" name="testhasNotHiddenMessageLength0" time="0.001" />
  <system-out><![CDATA[]]></system-out>
  <system-err><![CDATA[]]></system-err>
</testsuite>
